[timespamp] index:0;amount:42;created
[timespamp] index:1;amount:54;created
[timespamp] index:2;amount:957;created
[timespamp] index:3;amount:432;created
[timespamp] index:4;amount:1234;created
[timespamp] index:5;amount:0;created
[timespamp] index:6;amount:754;created
[timespamp] index:7;amount:16576;created
[timespamp] accounts:8;total:20049;deposits:0;withdrawals:0
[timespamp] index:0;amount:42;deposits:0;withdrawals:0
[timespamp] index:1;amount:54;deposits:0;withdrawals:0
[timespamp] index:2;amount:957;deposits:0;withdrawals:0
[timespamp] index:3;amount:432;deposits:0;withdrawals:0
[timespamp] index:4;amount:1234;deposits:0;withdrawals:0
[timespamp] index:5;amount:0;deposits:0;withdrawals:0
[timespamp] index:6;amount:754;deposits:0;withdrawals:0
[timespamp] index:7;amount:16576;deposits:0;withdrawals:0
[timespamp] index:0;p_amount:42;deposit:5;amount47;nb_deposits:1
[timespamp] index:1;p_amount:54;deposit:765;amount819;nb_deposits:1
[timespamp] index:2;p_amount:957;deposit:564;amount1521;nb_deposits:1
[timespamp] index:3;p_amount:432;deposit:2;amount434;nb_deposits:1
[timespamp] index:4;p_amount:1234;deposit:87;amount1321;nb_deposits:1
[timespamp] index:5;p_amount:0;deposit:23;amount23;nb_deposits:1
[timespamp] index:6;p_amount:754;deposit:9;amount763;nb_deposits:1
[timespamp] index:7;p_amount:16576;deposit:20;amount16596;nb_deposits:1
[timespamp] accounts:8;total:20049;deposits:0;withdrawals:0
[timespamp] index:0;amount:47;deposits:1;withdrawals:0
[timespamp] index:1;amount:819;deposits:1;withdrawals:0
[timespamp] index:2;amount:1521;deposits:1;withdrawals:0
[timespamp] index:3;amount:434;deposits:1;withdrawals:0
[timespamp] index:4;amount:1321;deposits:1;withdrawals:0
[timespamp] index:5;amount:23;deposits:1;withdrawals:0
[timespamp] index:6;amount:763;deposits:1;withdrawals:0
[timespamp] index:7;amount:16596;deposits:1;withdrawals:0
[timespamp] index:0;p_amount:47;withdrawal:refused
[timespamp] index:1;p_amount:819;withdrawal:34;amount785;nb_withdrawals:1
[timespamp] index:2;p_amount:1521;withdrawal:657;amount864;nb_withdrawals:1
[timespamp] index:3;p_amount:434;withdrawal:4;amount430;nb_withdrawals:1
[timespamp] index:4;p_amount:1321;withdrawal:76;amount1245;nb_withdrawals:1
[timespamp] index:5;p_amount:23;withdrawal:refused
[timespamp] index:6;p_amount:763;withdrawal:657;amount106;nb_withdrawals:1
[timespamp] index:7;p_amount:16596;withdrawal:7654;amount8942;nb_withdrawals:1
[timespamp] accounts:8;total:20049;deposits:0;withdrawals:0
[timespamp] index:0;amount:47;deposits:1;withdrawals:0
[timespamp] index:1;amount:785;deposits:1;withdrawals:1
[timespamp] index:2;amount:864;deposits:1;withdrawals:1
[timespamp] index:3;amount:430;deposits:1;withdrawals:1
[timespamp] index:4;amount:1245;deposits:1;withdrawals:1
[timespamp] index:5;amount:23;deposits:1;withdrawals:0
[timespamp] index:6;amount:106;deposits:1;withdrawals:1
[timespamp] index:7;amount:8942;deposits:1;withdrawals:1
[timespamp] index:7;amount:8942;closed
[timespamp] index:6;amount:106;closed
[timespamp] index:5;amount:23;closed
[timespamp] index:4;amount:1245;closed
[timespamp] index:3;amount:430;closed
[timespamp] index:2;amount:864;closed
[timespamp] index:1;amount:785;closed
[timespamp] index:0;amount:47;closed
